2021-12-18 00:00:05.975 febs [QuartzScheduler_MyScheduler-WIN-ETS2DEK9JHC1639742988329_MisfireHandler] INFO  p6spy - 
2021-12-18 00:00:10.254 febs [QuartzScheduler_MyScheduler-WIN-ETS2DEK9JHC1639742988329_ClusterManager] INFO  p6spy - 
2021-12-18 00:00:10.255 febs [QuartzScheduler_MyScheduler-WIN-ETS2DEK9JHC1639742988329_ClusterManager] INFO  p6spy - 
2021-12-18 00:00:17.975 febs [QuartzScheduler_MyScheduler-WIN-ETS2DEK9JHC1639742988329_MisfireHandler] INFO  p6spy - 
2021-12-18 00:00:25.150 febs [MyScheduler_QuartzSchedulerThread] INFO  p6spy - 
2021-12-18 00:00:25.250 febs [QuartzScheduler_MyScheduler-WIN-ETS2DEK9JHC1639742988329_ClusterManager] INFO  p6spy - 
2021-12-18 00:00:25.250 febs [QuartzScheduler_MyScheduler-WIN-ETS2DEK9JHC1639742988329_ClusterManager] INFO  p6spy - 
2021-12-18 00:00:29.976 febs [QuartzScheduler_MyScheduler-WIN-ETS2DEK9JHC1639742988329_MisfireHandler] INFO  p6spy - 
2021-12-18 00:00:40.255 febs [QuartzScheduler_MyScheduler-WIN-ETS2DEK9JHC1639742988329_ClusterManager] INFO  p6spy - 
2021-12-18 00:00:40.255 febs [QuartzScheduler_MyScheduler-WIN-ETS2DEK9JHC1639742988329_ClusterManager] INFO  p6spy - 
2021-12-18 00:00:41.976 febs [QuartzScheduler_MyScheduler-WIN-ETS2DEK9JHC1639742988329_MisfireHandler] INFO  p6spy - 
2021-12-18 00:00:53.957 febs [MyScheduler_QuartzSchedulerThread] INFO  p6spy - 
2021-12-18 00:00:53.976 febs [QuartzScheduler_MyScheduler-WIN-ETS2DEK9JHC1639742988329_MisfireHandler] INFO  p6spy - 
2021-12-18 00:00:55.251 febs [QuartzScheduler_MyScheduler-WIN-ETS2DEK9JHC1639742988329_ClusterManager] INFO  p6spy - 
2021-12-18 00:00:55.251 febs [QuartzScheduler_MyScheduler-WIN-ETS2DEK9JHC1639742988329_ClusterManager] INFO  p6spy - 
2021-12-18 00:01:05.984 febs [QuartzScheduler_MyScheduler-WIN-ETS2DEK9JHC1639742988329_MisfireHandler] INFO  p6spy - 
2021-12-18 00:01:10.259 febs [QuartzScheduler_MyScheduler-WIN-ETS2DEK9JHC1639742988329_ClusterManager] INFO  p6spy - 
2021-12-18 00:01:10.260 febs [QuartzScheduler_MyScheduler-WIN-ETS2DEK9JHC1639742988329_ClusterManager] INFO  p6spy - 
2021-12-18 00:01:17.977 febs [QuartzScheduler_MyScheduler-WIN-ETS2DEK9JHC1639742988329_MisfireHandler] INFO  p6spy - 
2021-12-18 00:01:18.096 febs [MyScheduler_QuartzSchedulerThread] INFO  p6spy - 
2021-12-18 00:01:25.259 febs [QuartzScheduler_MyScheduler-WIN-ETS2DEK9JHC1639742988329_ClusterManager] INFO  p6spy - 
2021-12-18 00:01:25.259 febs [QuartzScheduler_MyScheduler-WIN-ETS2DEK9JHC1639742988329_ClusterManager] INFO  p6spy - 
2021-12-18 00:01:29.978 febs [QuartzScheduler_MyScheduler-WIN-ETS2DEK9JHC1639742988329_MisfireHandler] INFO  p6spy - 
2021-12-18 00:01:40.259 febs [QuartzScheduler_MyScheduler-WIN-ETS2DEK9JHC1639742988329_ClusterManager] INFO  p6spy - 
2021-12-18 00:01:40.259 febs [QuartzScheduler_MyScheduler-WIN-ETS2DEK9JHC1639742988329_ClusterManager] INFO  p6spy - 
2021-12-18 00:01:41.978 febs [QuartzScheduler_MyScheduler-WIN-ETS2DEK9JHC1639742988329_MisfireHandler] INFO  p6spy - 
2021-12-18 00:01:42.263 febs [MyScheduler_QuartzSchedulerThread] INFO  p6spy - 
2021-12-18 00:01:53.978 febs [QuartzScheduler_MyScheduler-WIN-ETS2DEK9JHC1639742988329_MisfireHandler] INFO  p6spy - 
2021-12-18 00:01:55.262 febs [QuartzScheduler_MyScheduler-WIN-ETS2DEK9JHC1639742988329_ClusterManager] INFO  p6spy - 
2021-12-18 00:01:55.262 febs [QuartzScheduler_MyScheduler-WIN-ETS2DEK9JHC1639742988329_ClusterManager] INFO  p6spy - 
2021-12-18 00:02:05.980 febs [QuartzScheduler_MyScheduler-WIN-ETS2DEK9JHC1639742988329_MisfireHandler] INFO  p6spy - 
2021-12-18 00:02:10.272 febs [QuartzScheduler_MyScheduler-WIN-ETS2DEK9JHC1639742988329_ClusterManager] INFO  p6spy - 
2021-12-18 00:02:10.272 febs [QuartzScheduler_MyScheduler-WIN-ETS2DEK9JHC1639742988329_ClusterManager] INFO  p6spy - 
2021-12-18 00:02:11.093 febs [MyScheduler_QuartzSchedulerThread] INFO  p6spy - 
2021-12-18 00:02:17.982 febs [QuartzScheduler_MyScheduler-WIN-ETS2DEK9JHC1639742988329_MisfireHandler] INFO  p6spy - 
2021-12-18 00:02:25.274 febs [QuartzScheduler_MyScheduler-WIN-ETS2DEK9JHC1639742988329_ClusterManager] INFO  p6spy - 
2021-12-18 00:02:25.274 febs [QuartzScheduler_MyScheduler-WIN-ETS2DEK9JHC1639742988329_ClusterManager] INFO  p6spy - 
2021-12-18 00:02:29.982 febs [QuartzScheduler_MyScheduler-WIN-ETS2DEK9JHC1639742988329_MisfireHandler] INFO  p6spy - 
2021-12-18 00:02:36.439 febs [MyScheduler_QuartzSchedulerThread] INFO  p6spy - 
2021-12-18 00:02:40.275 febs [QuartzScheduler_MyScheduler-WIN-ETS2DEK9JHC1639742988329_ClusterManager] INFO  p6spy - 
2021-12-18 00:02:40.276 febs [QuartzScheduler_MyScheduler-WIN-ETS2DEK9JHC1639742988329_ClusterManager] INFO  p6spy - 
2021-12-18 00:02:41.982 febs [QuartzScheduler_MyScheduler-WIN-ETS2DEK9JHC1639742988329_MisfireHandler] INFO  p6spy - 
2021-12-18 00:02:53.990 febs [QuartzScheduler_MyScheduler-WIN-ETS2DEK9JHC1639742988329_MisfireHandler] INFO  p6spy - 
2021-12-18 00:02:55.280 febs [QuartzScheduler_MyScheduler-WIN-ETS2DEK9JHC1639742988329_ClusterManager] INFO  p6spy - 
2021-12-18 00:02:55.280 febs [QuartzScheduler_MyScheduler-WIN-ETS2DEK9JHC1639742988329_ClusterManager] INFO  p6spy - 
2021-12-18 00:03:05.983 febs [QuartzScheduler_MyScheduler-WIN-ETS2DEK9JHC1639742988329_MisfireHandler] INFO  p6spy - 
2021-12-18 00:03:05.995 febs [MyScheduler_QuartzSchedulerThread] INFO  p6spy - 
2021-12-18 00:03:10.282 febs [QuartzScheduler_MyScheduler-WIN-ETS2DEK9JHC1639742988329_ClusterManager] INFO  p6spy - 
2021-12-18 00:03:10.282 febs [QuartzScheduler_MyScheduler-WIN-ETS2DEK9JHC1639742988329_ClusterManager] INFO  p6spy - 
2021-12-18 00:03:17.984 febs [QuartzScheduler_MyScheduler-WIN-ETS2DEK9JHC1639742988329_MisfireHandler] INFO  p6spy - 
2021-12-18 00:03:25.290 febs [QuartzScheduler_MyScheduler-WIN-ETS2DEK9JHC1639742988329_ClusterManager] INFO  p6spy - 
2021-12-18 00:03:25.290 febs [QuartzScheduler_MyScheduler-WIN-ETS2DEK9JHC1639742988329_ClusterManager] INFO  p6spy - 
2021-12-18 00:03:29.985 febs [QuartzScheduler_MyScheduler-WIN-ETS2DEK9JHC1639742988329_MisfireHandler] INFO  p6spy - 
2021-12-18 00:03:34.769 febs [MyScheduler_QuartzSchedulerThread] INFO  p6spy - 
2021-12-18 00:03:40.290 febs [QuartzScheduler_MyScheduler-WIN-ETS2DEK9JHC1639742988329_ClusterManager] INFO  p6spy - 
2021-12-18 00:03:40.290 febs [QuartzScheduler_MyScheduler-WIN-ETS2DEK9JHC1639742988329_ClusterManager] INFO  p6spy - 
2021-12-18 00:03:41.985 febs [QuartzScheduler_MyScheduler-WIN-ETS2DEK9JHC1639742988329_MisfireHandler] INFO  p6spy - 
2021-12-18 00:03:53.985 febs [QuartzScheduler_MyScheduler-WIN-ETS2DEK9JHC1639742988329_MisfireHandler] INFO  p6spy - 
2021-12-18 00:03:55.294 febs [QuartzScheduler_MyScheduler-WIN-ETS2DEK9JHC1639742988329_ClusterManager] INFO  p6spy - 
2021-12-18 00:03:55.294 febs [QuartzScheduler_MyScheduler-WIN-ETS2DEK9JHC1639742988329_ClusterManager] INFO  p6spy - 
2021-12-18 00:03:58.718 febs [MyScheduler_QuartzSchedulerThread] INFO  p6spy - 
2021-12-18 00:04:05.985 febs [QuartzScheduler_MyScheduler-WIN-ETS2DEK9JHC1639742988329_MisfireHandler] INFO  p6spy - 
2021-12-18 00:04:10.326 febs [QuartzScheduler_MyScheduler-WIN-ETS2DEK9JHC1639742988329_ClusterManager] INFO  p6spy - 
2021-12-18 00:04:10.327 febs [QuartzScheduler_MyScheduler-WIN-ETS2DEK9JHC1639742988329_ClusterManager] INFO  p6spy - 
2021-12-18 00:04:14.202 febs [Thread-27] INFO  org.quartz.core.QuartzScheduler - Scheduler MyScheduler_$_WIN-ETS2DEK9JHC1639742988329 paused.
2021-12-18 00:04:14.204 febs [Thread-27] INFO  o.s.s.c.ThreadPoolTaskScheduler - Shutting down ExecutorService 'taskScheduler'
2021-12-18 00:04:14.213 febs [Thread-27] INFO  o.s.s.c.ThreadPoolTaskExecutor - Shutting down ExecutorService 'taskExecutor'
2021-12-18 00:04:14.215 febs [Thread-27] INFO  o.s.s.quartz.SchedulerFactoryBean - Shutting down Quartz Scheduler
2021-12-18 00:04:14.215 febs [Thread-27] INFO  org.quartz.core.QuartzScheduler - Scheduler MyScheduler_$_WIN-ETS2DEK9JHC1639742988329 shutting down.
2021-12-18 00:04:14.215 febs [Thread-27] INFO  org.quartz.core.QuartzScheduler - Scheduler MyScheduler_$_WIN-ETS2DEK9JHC1639742988329 paused.
2021-12-18 00:04:14.215 febs [Thread-27] INFO  org.quartz.core.QuartzScheduler - Scheduler MyScheduler_$_WIN-ETS2DEK9JHC1639742988329 shutdown complete.
2021-12-18 00:04:14.218 febs [Thread-27] INFO  c.b.d.d.DynamicRoutingDataSource - dynamic-datasource start closing ....
2021-12-18 00:04:14.218 febs [Thread-27] INFO  com.zaxxer.hikari.HikariDataSource - primary - Shutdown initiated...
2021-12-18 00:04:14.224 febs [Thread-27] INFO  com.zaxxer.hikari.HikariDataSource - primary - Shutdown completed.
2021-12-18 00:04:14.224 febs [Thread-27] INFO  c.b.d.d.DynamicRoutingDataSource - dynamic-datasource all closed success,bye
2021-12-18 00:40:15.353 febs [main] INFO  cc.mrbird.febs.FebsApplication - Starting FebsApplication on WIN-ETS2DEK9JHC with PID 1460 (started by Administrator in E:\Project\项目交易平台（项目文件）\景区系统\net\backend)
2021-12-18 00:40:15.355 febs [main] INFO  cc.mrbird.febs.FebsApplication - No active profile set, falling back to default profiles: default
2021-12-18 00:40:16.407 febs [main] INFO  o.s.d.r.c.RepositoryConfigurationDelegate - Multiple Spring Data modules found, entering strict repository configuration mode!
2021-12-18 00:40:16.409 febs [main] INFO  o.s.d.r.c.RepositoryConfigurationDelegate - Bootstrapping Spring Data repositories in DEFAULT mode.
2021-12-18 00:40:16.454 febs [main] INFO  o.s.d.r.c.RepositoryConfigurationDelegate - Finished Spring Data repository scanning in 34ms. Found 0 repository interfaces.
2021-12-18 00:40:16.773 febs [main] INFO  o.s.c.s.PostProcessorRegistrationDelegate$BeanPostProcessorChecker - Bean 'asyncExecutorPoolConfig' of type [cc.mrbird.febs.common.config.AsyncExecutorPoolConfig$$EnhancerBySpringCGLIB$$5978e939] is not eligible for getting processed by all BeanPostProcessors (for example: not eligible for auto-proxying)
2021-12-18 00:40:16.903 febs [main] INFO  o.s.c.s.PostProcessorRegistrationDelegate$BeanPostProcessorChecker - Bean 'spring.datasource.dynamic-com.baomidou.dynamic.datasource.spring.boot.autoconfigure.DynamicDataSourceProperties' of type [com.baomidou.dynamic.datasource.spring.boot.autoconfigure.DynamicDataSourceProperties] is not eligible for getting processed by all BeanPostProcessors (for example: not eligible for auto-proxying)
2021-12-18 00:40:16.981 febs [main] INFO  o.s.c.s.PostProcessorRegistrationDelegate$BeanPostProcessorChecker - Bean 'com.baomidou.dynamic.datasource.spring.boot.autoconfigure.DynamicDataSourceAutoConfiguration' of type [com.baomidou.dynamic.datasource.spring.boot.autoconfigure.DynamicDataSourceAutoConfiguration$$EnhancerBySpringCGLIB$$33c834dd] is not eligible for getting processed by all BeanPostProcessors (for example: not eligible for auto-proxying)
2021-12-18 00:40:16.993 febs [main] INFO  o.s.c.s.PostProcessorRegistrationDelegate$BeanPostProcessorChecker - Bean 'dsProcessor' of type [com.baomidou.dynamic.datasource.processor.DsHeaderProcessor] is not eligible for getting processed by all BeanPostProcessors (for example: not eligible for auto-proxying)
2021-12-18 00:40:16.997 febs [main] INFO  o.s.c.s.PostProcessorRegistrationDelegate$BeanPostProcessorChecker - Bean 'dynamicDatasourceAnnotationAdvisor' of type [com.baomidou.dynamic.datasource.aop.DynamicDataSourceAnnotationAdvisor] is not eligible for getting processed by all BeanPostProcessors (for example: not eligible for auto-proxying)
2021-12-18 00:40:17.007 febs [main] INFO  o.s.c.s.PostProcessorRegistrationDelegate$BeanPostProcessorChecker - Bean 'org.springframework.transaction.annotation.ProxyTransactionManagementConfiguration' of type [org.springframework.transaction.annotation.ProxyTransactionManagementConfiguration$$EnhancerBySpringCGLIB$$ca39c40c] is not eligible for getting processed by all BeanPostProcessors (for example: not eligible for auto-proxying)
2021-12-18 00:40:17.021 febs [main] INFO  o.s.c.s.PostProcessorRegistrationDelegate$BeanPostProcessorChecker - Bean 'shiroConfig' of type [cc.mrbird.febs.common.authentication.ShiroConfig$$EnhancerBySpringCGLIB$$35b9c5b5] is not eligible for getting processed by all BeanPostProcessors (for example: not eligible for auto-proxying)
2021-12-18 00:40:17.292 febs [main] INFO  o.s.c.s.PostProcessorRegistrationDelegate$BeanPostProcessorChecker - Bean 'redisConfig' of type [cc.mrbird.febs.common.config.RedisConfig$$EnhancerBySpringCGLIB$$2e7e7d09] is not eligible for getting processed by all BeanPostProcessors (for example: not eligible for auto-proxying)
2021-12-18 00:40:17.310 febs [main] INFO  o.s.c.s.PostProcessorRegistrationDelegate$BeanPostProcessorChecker - Bean 'redisPoolFactory' of type [redis.clients.jedis.JedisPool] is not eligible for getting processed by all BeanPostProcessors (for example: not eligible for auto-proxying)
2021-12-18 00:40:17.314 febs [main] INFO  o.s.c.s.PostProcessorRegistrationDelegate$BeanPostProcessorChecker - Bean 'redisService' of type [cc.mrbird.febs.common.service.impl.RedisServiceImpl] is not eligible for getting processed by all BeanPostProcessors (for example: not eligible for auto-proxying)
2021-12-18 00:40:17.366 febs [main] INFO  o.s.c.s.PostProcessorRegistrationDelegate$BeanPostProcessorChecker - Bean 'mybatis-plus-com.baomidou.mybatisplus.autoconfigure.MybatisPlusProperties' of type [com.baomidou.mybatisplus.autoconfigure.MybatisPlusProperties] is not eligible for getting processed by all BeanPostProcessors (for example: not eligible for auto-proxying)
2021-12-18 00:40:17.373 febs [main] INFO  o.s.c.s.PostProcessorRegistrationDelegate$BeanPostProcessorChecker - Bean 'mybatisPlusConfig' of type [cc.mrbird.febs.common.config.MybatisPlusConfig$$EnhancerBySpringCGLIB$$1bc1201b] is not eligible for getting processed by all BeanPostProcessors (for example: not eligible for auto-proxying)
2021-12-18 00:40:17.377 febs [main] INFO  o.s.c.s.PostProcessorRegistrationDelegate$BeanPostProcessorChecker - Bean 'paginationInterceptor' of type [com.baomidou.mybatisplus.extension.plugins.PaginationInterceptor] is not eligible for getting processed by all BeanPostProcessors (for example: not eligible for auto-proxying)
2021-12-18 00:40:17.388 febs [main] INFO  o.s.c.s.PostProcessorRegistrationDelegate$BeanPostProcessorChecker - Bean 'com.baomidou.mybatisplus.autoconfigure.MybatisPlusAutoConfiguration' of type [com.baomidou.mybatisplus.autoconfigure.MybatisPlusAutoConfiguration$$EnhancerBySpringCGLIB$$80230a6] is not eligible for getting processed by all BeanPostProcessors (for example: not eligible for auto-proxying)
2021-12-18 00:40:17.398 febs [main] INFO  o.s.c.s.PostProcessorRegistrationDelegate$BeanPostProcessorChecker - Bean 'dynamicDataSourceCreator' of type [com.baomidou.dynamic.datasource.DynamicDataSourceCreator] is not eligible for getting processed by all BeanPostProcessors (for example: not eligible for auto-proxying)
2021-12-18 00:40:17.399 febs [main] INFO  o.s.c.s.PostProcessorRegistrationDelegate$BeanPostProcessorChecker - Bean 'dynamicDataSourceProvider' of type [com.baomidou.dynamic.datasource.provider.YmlDynamicDataSourceProvider] is not eligible for getting processed by all BeanPostProcessors (for example: not eligible for auto-proxying)
2021-12-18 00:40:17.401 febs [main] INFO  c.b.d.d.DynamicRoutingDataSource - dynamic-datasource detect P6SPY plugin and enabled it
2021-12-18 00:40:17.408 febs [main] INFO  com.zaxxer.hikari.HikariDataSource - primary - Starting...
2021-12-18 00:40:17.593 febs [main] INFO  com.zaxxer.hikari.HikariDataSource - primary - Start completed.
2021-12-18 00:40:17.593 febs [main] INFO  c.b.d.d.DynamicRoutingDataSource - dynamic-datasource - load a datasource named [primary] success
2021-12-18 00:40:17.593 febs [main] INFO  c.b.d.d.DynamicRoutingDataSource - dynamic-datasource initial loaded [1] datasource,primary datasource named [primary]
2021-12-18 00:40:17.594 febs [main] INFO  o.s.c.s.PostProcessorRegistrationDelegate$BeanPostProcessorChecker - Bean 'dataSource' of type [com.baomidou.dynamic.datasource.DynamicRoutingDataSource] is not eligible for getting processed by all BeanPostProcessors (for example: not eligible for auto-proxying)
2021-12-18 00:40:17.612 febs [main] INFO  o.s.c.s.PostProcessorRegistrationDelegate$BeanPostProcessorChecker - Bean 'spring.datasource-org.springframework.boot.autoconfigure.jdbc.DataSourceProperties' of type [org.springframework.boot.autoconfigure.jdbc.DataSourceProperties] is not eligible for getting processed by all BeanPostProcessors (for example: not eligible for auto-proxying)
2021-12-18 00:40:17.621 febs [main] INFO  o.s.c.s.PostProcessorRegistrationDelegate$BeanPostProcessorChecker - Bean 'org.springframework.boot.autoconfigure.jdbc.DataSourceInitializerInvoker' of type [org.springframework.boot.autoconfigure.jdbc.DataSourceInitializerInvoker] is not eligible for getting processed by all BeanPostProcessors (for example: not eligible for auto-proxying)
2021-12-18 00:40:18.107 febs [main] INFO  o.s.c.s.PostProcessorRegistrationDelegate$BeanPostProcessorChecker - Bean 'sqlSessionFactory' of type [org.apache.ibatis.session.defaults.DefaultSqlSessionFactory] is not eligible for getting processed by all BeanPostProcessors (for example: not eligible for auto-proxying)
2021-12-18 00:40:18.114 febs [main] INFO  o.s.c.s.PostProcessorRegistrationDelegate$BeanPostProcessorChecker - Bean 'sqlSessionTemplate' of type [org.mybatis.spring.SqlSessionTemplate] is not eligible for getting processed by all BeanPostProcessors (for example: not eligible for auto-proxying)
2021-12-18 00:40:18.117 febs [main] INFO  o.s.c.s.PostProcessorRegistrationDelegate$BeanPostProcessorChecker - Bean 'roleMapper' of type [org.mybatis.spring.mapper.MapperFactoryBean] is not eligible for getting processed by all BeanPostProcessors (for example: not eligible for auto-proxying)
2021-12-18 00:40:18.119 febs [main] INFO  o.s.c.s.PostProcessorRegistrationDelegate$BeanPostProcessorChecker - Bean 'roleMapper' of type [com.sun.proxy.$Proxy116] is not eligible for getting processed by all BeanPostProcessors (for example: not eligible for auto-proxying)
2021-12-18 00:40:18.141 febs [main] INFO  o.s.c.s.PostProcessorRegistrationDelegate$BeanPostProcessorChecker - Bean 'roleMenuMapper' of type [org.mybatis.spring.mapper.MapperFactoryBean] is not eligible for getting processed by all BeanPostProcessors (for example: not eligible for auto-proxying)
2021-12-18 00:40:18.142 febs [main] INFO  o.s.c.s.PostProcessorRegistrationDelegate$BeanPostProcessorChecker - Bean 'roleMenuMapper' of type [com.sun.proxy.$Proxy118] is not eligible for getting processed by all BeanPostProcessors (for example: not eligible for auto-proxying)
2021-12-18 00:40:18.149 febs [main] INFO  o.s.c.s.PostProcessorRegistrationDelegate$BeanPostProcessorChecker - Bean 'userRoleMapper' of type [org.mybatis.spring.mapper.MapperFactoryBean] is not eligible for getting processed by all BeanPostProcessors (for example: not eligible for auto-proxying)
2021-12-18 00:40:18.150 febs [main] INFO  o.s.c.s.PostProcessorRegistrationDelegate$BeanPostProcessorChecker - Bean 'userRoleMapper' of type [com.sun.proxy.$Proxy119] is not eligible for getting processed by all BeanPostProcessors (for example: not eligible for auto-proxying)
2021-12-18 00:40:18.151 febs [main] INFO  o.s.c.s.PostProcessorRegistrationDelegate$BeanPostProcessorChecker - Bean 'userRoleService' of type [cc.mrbird.febs.system.service.impl.UserRoleServiceImpl] is not eligible for getting processed by all BeanPostProcessors (for example: not eligible for auto-proxying)
2021-12-18 00:40:18.185 febs [main] INFO  o.s.c.s.PostProcessorRegistrationDelegate$BeanPostProcessorChecker - Bean 'roleMenuService' of type [cc.mrbird.febs.system.service.impl.RoleMenuServiceImpl] is not eligible for getting processed by all BeanPostProcessors (for example: not eligible for auto-proxying)
2021-12-18 00:40:18.203 febs [main] INFO  o.s.c.s.PostProcessorRegistrationDelegate$BeanPostProcessorChecker - Bean 'roleService' of type [cc.mrbird.febs.system.service.impl.RoleServiceImpl] is not eligible for getting processed by all BeanPostProcessors (for example: not eligible for auto-proxying)
2021-12-18 00:40:18.232 febs [main] INFO  o.s.c.s.PostProcessorRegistrationDelegate$BeanPostProcessorChecker - Bean 'menuMapper' of type [org.mybatis.spring.mapper.MapperFactoryBean] is not eligible for getting processed by all BeanPostProcessors (for example: not eligible for auto-proxying)
2021-12-18 00:40:18.236 febs [main] INFO  o.s.c.s.PostProcessorRegistrationDelegate$BeanPostProcessorChecker - Bean 'menuMapper' of type [com.sun.proxy.$Proxy123] is not eligible for getting processed by all BeanPostProcessors (for example: not eligible for auto-proxying)
2021-12-18 00:40:18.238 febs [main] INFO  o.s.c.s.PostProcessorRegistrationDelegate$BeanPostProcessorChecker - Bean 'menuService' of type [cc.mrbird.febs.system.service.impl.MenuServiceImpl] is not eligible for getting processed by all BeanPostProcessors (for example: not eligible for auto-proxying)
2021-12-18 00:40:18.263 febs [main] INFO  o.s.c.s.PostProcessorRegistrationDelegate$BeanPostProcessorChecker - Bean 'userMapper' of type [org.mybatis.spring.mapper.MapperFactoryBean] is not eligible for getting processed by all BeanPostProcessors (for example: not eligible for auto-proxying)
2021-12-18 00:40:18.265 febs [main] INFO  o.s.c.s.PostProcessorRegistrationDelegate$BeanPostProcessorChecker - Bean 'userMapper' of type [com.sun.proxy.$Proxy125] is not eligible for getting processed by all BeanPostProcessors (for example: not eligible for auto-proxying)
2021-12-18 00:40:18.297 febs [main] INFO  o.s.c.s.PostProcessorRegistrationDelegate$BeanPostProcessorChecker - Bean 'userConfigMapper' of type [org.mybatis.spring.mapper.MapperFactoryBean] is not eligible for getting processed by all BeanPostProcessors (for example: not eligible for auto-proxying)
2021-12-18 00:40:18.301 febs [main] INFO  o.s.c.s.PostProcessorRegistrationDelegate$BeanPostProcessorChecker - Bean 'userConfigMapper' of type [com.sun.proxy.$Proxy126] is not eligible for getting processed by all BeanPostProcessors (for example: not eligible for auto-proxying)
2021-12-18 00:40:18.305 febs [main] INFO  o.s.c.s.PostProcessorRegistrationDelegate$BeanPostProcessorChecker - Bean 'userConfigService' of type [cc.mrbird.febs.system.service.impl.UserConfigServiceImpl] is not eligible for getting processed by all BeanPostProcessors (for example: not eligible for auto-proxying)
2021-12-18 00:40:18.325 febs [main] INFO  o.s.c.s.PostProcessorRegistrationDelegate$BeanPostProcessorChecker - Bean 'userService' of type [cc.mrbird.febs.system.service.impl.UserServiceImpl] is not eligible for getting processed by all BeanPostProcessors (for example: not eligible for auto-proxying)
2021-12-18 00:40:18.344 febs [main] INFO  o.s.c.s.PostProcessorRegistrationDelegate$BeanPostProcessorChecker - Bean 'org.springframework.boot.autoconfigure.jackson.JacksonAutoConfiguration$JacksonObjectMapperConfiguration' of type [org.springframework.boot.autoconfigure.jackson.JacksonAutoConfiguration$JacksonObjectMapperConfiguration$$EnhancerBySpringCGLIB$$25cd439d] is not eligible for getting processed by all BeanPostProcessors (for example: not eligible for auto-proxying)
2021-12-18 00:40:18.348 febs [main] INFO  o.s.c.s.PostProcessorRegistrationDelegate$BeanPostProcessorChecker - Bean 'org.springframework.boot.autoconfigure.jackson.JacksonAutoConfiguration$JacksonObjectMapperBuilderConfiguration' of type [org.springframework.boot.autoconfigure.jackson.JacksonAutoConfiguration$JacksonObjectMapperBuilderConfiguration$$EnhancerBySpringCGLIB$$d81a05b6] is not eligible for getting processed by all BeanPostProcessors (for example: not eligible for auto-proxying)
2021-12-18 00:40:18.351 febs [main] INFO  o.s.c.s.PostProcessorRegistrationDelegate$BeanPostProcessorChecker - Bean 'org.springframework.boot.autoconfigure.jackson.JacksonAutoConfiguration$Jackson2ObjectMapperBuilderCustomizerConfiguration' of type [org.springframework.boot.autoconfigure.jackson.JacksonAutoConfiguration$Jackson2ObjectMapperBuilderCustomizerConfiguration$$EnhancerBySpringCGLIB$$9330eba5] is not eligible for getting processed by all BeanPostProcessors (for example: not eligible for auto-proxying)
2021-12-18 00:40:18.357 febs [main] INFO  o.s.c.s.PostProcessorRegistrationDelegate$BeanPostProcessorChecker - Bean 'spring.jackson-org.springframework.boot.autoconfigure.jackson.JacksonProperties' of type [org.springframework.boot.autoconfigure.jackson.JacksonProperties] is not eligible for getting processed by all BeanPostProcessors (for example: not eligible for auto-proxying)
2021-12-18 00:40:18.359 febs [main] INFO  o.s.c.s.PostProcessorRegistrationDelegate$BeanPostProcessorChecker - Bean 'standardJacksonObjectMapperBuilderCustomizer' of type [org.springframework.boot.autoconfigure.jackson.JacksonAutoConfiguration$Jackson2ObjectMapperBuilderCustomizerConfiguration$StandardJackson2ObjectMapperBuilderCustomizer] is not eligible for getting processed by all BeanPostProcessors (for example: not eligible for auto-proxying)
2021-12-18 00:40:18.364 febs [main] INFO  o.s.c.s.PostProcessorRegistrationDelegate$BeanPostProcessorChecker - Bean 'org.springframework.boot.autoconfigure.jackson.JacksonAutoConfiguration$ParameterNamesModuleConfiguration' of type [org.springframework.boot.autoconfigure.jackson.JacksonAutoConfiguration$ParameterNamesModuleConfiguration$$EnhancerBySpringCGLIB$$b9fc62d3] is not eligible for getting processed by all BeanPostProcessors (for example: not eligible for auto-proxying)
2021-12-18 00:40:18.369 febs [main] INFO  o.s.c.s.PostProcessorRegistrationDelegate$BeanPostProcessorChecker - Bean 'parameterNamesModule' of type [com.fasterxml.jackson.module.paramnames.ParameterNamesModule] is not eligible for getting processed by all BeanPostProcessors (for example: not eligible for auto-proxying)
2021-12-18 00:40:18.371 febs [main] INFO  o.s.c.s.PostProcessorRegistrationDelegate$BeanPostProcessorChecker - Bean 'org.springframework.boot.autoconfigure.jackson.JacksonAutoConfiguration' of type [org.springframework.boot.autoconfigure.jackson.JacksonAutoConfiguration$$EnhancerBySpringCGLIB$$7d8e12c] is not eligible for getting processed by all BeanPostProcessors (for example: not eligible for auto-proxying)
2021-12-18 00:40:18.379 febs [main] INFO  o.s.c.s.PostProcessorRegistrationDelegate$BeanPostProcessorChecker - Bean 'jsonComponentModule' of type [org.springframework.boot.jackson.JsonComponentModule] is not eligible for getting processed by all BeanPostProcessors (for example: not eligible for auto-proxying)
2021-12-18 00:40:18.380 febs [main] INFO  o.s.c.s.PostProcessorRegistrationDelegate$BeanPostProcessorChecker - Bean 'org.springframework.data.web.config.SpringDataJacksonConfiguration' of type [org.springframework.data.web.config.SpringDataJacksonConfiguration] is not eligible for getting processed by all BeanPostProcessors (for example: not eligible for auto-proxying)
2021-12-18 00:40:18.383 febs [main] INFO  o.s.c.s.PostProcessorRegistrationDelegate$BeanPostProcessorChecker - Bean 'jacksonGeoModule' of type [org.springframework.data.geo.GeoModule] is not eligible for getting processed by all BeanPostProcessors (for example: not eligible for auto-proxying)
2021-12-18 00:40:18.385 febs [main] INFO  o.s.c.s.PostProcessorRegistrationDelegate$BeanPostProcessorChecker - Bean 'jacksonObjectMapperBuilder' of type [org.springframework.http.converter.json.Jackson2ObjectMapperBuilder] is not eligible for getting processed by all BeanPostProcessors (for example: not eligible for auto-proxying)
2021-12-18 00:40:18.403 febs [main] INFO  o.s.c.s.PostProcessorRegistrationDelegate$BeanPostProcessorChecker - Bean 'jacksonObjectMapper' of type [com.fasterxml.jackson.databind.ObjectMapper] is not eligible for getting processed by all BeanPostProcessors (for example: not eligible for auto-proxying)
2021-12-18 00:40:18.414 febs [main] INFO  o.s.c.s.PostProcessorRegistrationDelegate$BeanPostProcessorChecker - Bean 'cacheService' of type [cc.mrbird.febs.common.service.impl.CacheServiceImpl] is not eligible for getting processed by all BeanPostProcessors (for example: not eligible for auto-proxying)
2021-12-18 00:40:18.418 febs [main] INFO  o.s.c.s.PostProcessorRegistrationDelegate$BeanPostProcessorChecker - Bean 'userManager' of type [cc.mrbird.febs.system.manager.UserManager] is not eligible for getting processed by all BeanPostProcessors (for example: not eligible for auto-proxying)
2021-12-18 00:40:18.419 febs [main] INFO  o.s.c.s.PostProcessorRegistrationDelegate$BeanPostProcessorChecker - Bean 'shiroRealm' of type [cc.mrbird.febs.common.authentication.ShiroRealm] is not eligible for getting processed by all BeanPostProcessors (for example: not eligible for auto-proxying)
2021-12-18 00:40:18.425 febs [main] INFO  o.s.c.s.PostProcessorRegistrationDelegate$BeanPostProcessorChecker - Bean 'securityManager' of type [org.apache.shiro.web.mgt.DefaultWebSecurityManager] is not eligible for getting processed by all BeanPostProcessors (for example: not eligible for auto-proxying)
2021-12-18 00:40:18.437 febs [main] INFO  o.s.c.s.PostProcessorRegistrationDelegate$BeanPostProcessorChecker - Bean 'authorizationAttributeSourceAdvisor' of type [org.apache.shiro.spring.security.interceptor.AuthorizationAttributeSourceAdvisor] is not eligible for getting processed by all BeanPostProcessors (for example: not eligible for auto-proxying)
2021-12-18 00:40:18.711 febs [main] INFO  o.s.b.w.e.tomcat.TomcatWebServer - Tomcat initialized with port(s): 9529 (http)
2021-12-18 00:40:18.723 febs [main] INFO  o.a.coyote.http11.Http11NioProtocol - Initializing ProtocolHandler ["http-nio-9529"]
2021-12-18 00:40:18.730 febs [main] INFO  o.a.catalina.core.StandardService - Starting service [Tomcat]
2021-12-18 00:40:18.731 febs [main] INFO  o.a.catalina.core.StandardEngine - Starting Servlet engine: [Apache Tomcat/9.0.22]
2021-12-18 00:40:18.850 febs [main] INFO  o.a.c.c.C.[Tomcat].[localhost].[/] - Initializing Spring embedded WebApplicationContext
2021-12-18 00:40:18.850 febs [main] INFO  o.s.web.context.ContextLoader - Root WebApplicationContext: initialization completed in 3431 ms
2021-12-18 00:40:19.576 febs [main] INFO  org.quartz.impl.StdSchedulerFactory - Using default implementation for ThreadExecutor
2021-12-18 00:40:19.587 febs [main] INFO  o.quartz.core.SchedulerSignalerImpl - Initialized Scheduler Signaller of type: class org.quartz.core.SchedulerSignalerImpl
2021-12-18 00:40:19.587 febs [main] INFO  org.quartz.core.QuartzScheduler - Quartz Scheduler v.2.3.1 created.
2021-12-18 00:40:19.617 febs [main] INFO  o.s.s.quartz.LocalDataSourceJobStore - Using db table-based data access locking (synchronization).
2021-12-18 00:40:19.619 febs [main] INFO  o.s.s.quartz.LocalDataSourceJobStore - JobStoreCMT initialized.
2021-12-18 00:40:19.619 febs [main] INFO  org.quartz.core.QuartzScheduler - Scheduler meta-data: Quartz Scheduler (v2.3.1) 'MyScheduler' with instanceId 'WIN-ETS2DEK9JHC1639759219577'
  Scheduler class: 'org.quartz.core.QuartzScheduler' - running locally.
  NOT STARTED.
  Currently in standby mode.
  Number of jobs executed: 0
  Using thread pool 'org.quartz.simpl.SimpleThreadPool' - with 20 threads.
  Using job-store 'org.springframework.scheduling.quartz.LocalDataSourceJobStore' - which supports persistence. and is clustered.

2021-12-18 00:40:19.619 febs [main] INFO  org.quartz.impl.StdSchedulerFactory - Quartz scheduler 'MyScheduler' initialized from an externally provided properties instance.
2021-12-18 00:40:19.619 febs [main] INFO  org.quartz.impl.StdSchedulerFactory - Quartz scheduler version: 2.3.1
2021-12-18 00:40:19.621 febs [main] INFO  org.quartz.core.QuartzScheduler - JobFactory set to: org.springframework.scheduling.quartz.AdaptableJobFactory@51e0f2eb
2021-12-18 00:40:19.668 febs [main] INFO  p6spy - 2021-12-18 00:40:19 | 耗时 4 ms | SQL 语句：
select job_id jobId, bean_name beanName, method_name methodName, params, cron_expression cronExpression, status, remark, create_time createTime from t_job order by job_id;
2021-12-18 00:40:20.897 febs [main] INFO  o.s.b.a.e.web.EndpointLinksResolver - Exposing 2 endpoint(s) beneath base path '/actuator'
2021-12-18 00:40:21.043 febs [main] INFO  o.s.s.c.ThreadPoolTaskExecutor - Initializing ExecutorService 'taskExecutor'
2021-12-18 00:40:21.068 febs [main] INFO  s.d.s.w.PropertySourcedRequestMappingHandlerMapping - Mapped URL path [/v2/api-docs] onto method [public org.springframework.http.ResponseEntity<springfox.documentation.spring.web.json.Json> springfox.documentation.swagger2.web.Swagger2Controller.getDocumentation(java.lang.String,javax.servlet.http.HttpServletRequest)]
2021-12-18 00:40:21.476 febs [main] INFO  o.s.b.a.w.s.WelcomePageHandlerMapping - Adding welcome page template: index
2021-12-18 00:40:22.070 febs [main] INFO  o.s.s.c.ThreadPoolTaskScheduler - Initializing ExecutorService 'taskScheduler'
2021-12-18 00:40:22.163 febs [main] INFO  s.d.s.w.p.DocumentationPluginsBootstrapper - Context refreshed
2021-12-18 00:40:22.180 febs [main] INFO  s.d.s.w.p.DocumentationPluginsBootstrapper - Found 1 custom documentation plugin(s)
2021-12-18 00:40:22.228 febs [main] INFO  s.d.s.w.s.ApiListingReferenceScanner - Scanning for api listing references
2021-12-18 00:40:22.373 febs [main] INFO  s.d.s.w.r.o.CachingOperationNameGenerator - Generating unique operation named: exportUsingPOST_1
2021-12-18 00:40:22.383 febs [main] INFO  s.d.s.w.r.o.CachingOperationNameGenerator - Generating unique operation named: exportUsingPOST_2
2021-12-18 00:40:22.392 febs [main] INFO  s.d.s.w.r.o.CachingOperationNameGenerator - Generating unique operation named: exportUsingPOST_3
2021-12-18 00:40:22.398 febs [main] INFO  s.d.s.w.r.o.CachingOperationNameGenerator - Generating unique operation named: exportUsingPOST_4
2021-12-18 00:40:22.409 febs [main] INFO  s.d.s.w.r.o.CachingOperationNameGenerator - Generating unique operation named: exportUsingPOST_5
2021-12-18 00:40:22.451 febs [main] INFO  s.d.s.w.r.o.CachingOperationNameGenerator - Generating unique operation named: deleteByIdUsingDELETE_1
2021-12-18 00:40:22.455 febs [main] INFO  s.d.s.w.r.o.CachingOperationNameGenerator - Generating unique operation named: saveUsingPOST_1
2021-12-18 00:40:22.456 febs [main] INFO  s.d.s.w.r.o.CachingOperationNameGenerator - Generating unique operation named: updateByIdUsingPUT_1
2021-12-18 00:40:22.465 febs [main] INFO  s.d.s.w.r.o.CachingOperationNameGenerator - Generating unique operation named: exportUsingPOST_6
2021-12-18 00:40:22.469 febs [main] INFO  s.d.s.w.r.o.CachingOperationNameGenerator - Generating unique operation named: deleteByIdUsingDELETE_2
2021-12-18 00:40:22.477 febs [main] INFO  s.d.s.w.r.o.CachingOperationNameGenerator - Generating unique operation named: saveUsingPOST_2
2021-12-18 00:40:22.478 febs [main] INFO  s.d.s.w.r.o.CachingOperationNameGenerator - Generating unique operation named: updateByIdUsingPUT_2
2021-12-18 00:40:22.480 febs [main] INFO  s.d.s.w.r.o.CachingOperationNameGenerator - Generating unique operation named: deleteByIdUsingDELETE_3
2021-12-18 00:40:22.485 febs [main] INFO  s.d.s.w.r.o.CachingOperationNameGenerator - Generating unique operation named: saveUsingPOST_3
2021-12-18 00:40:22.486 febs [main] INFO  s.d.s.w.r.o.CachingOperationNameGenerator - Generating unique operation named: updateByIdUsingPUT_3
2021-12-18 00:40:22.487 febs [main] INFO  s.d.s.w.r.o.CachingOperationNameGenerator - Generating unique operation named: deleteByIdUsingDELETE_4
2021-12-18 00:40:22.492 febs [main] INFO  s.d.s.w.r.o.CachingOperationNameGenerator - Generating unique operation named: saveUsingPOST_4
2021-12-18 00:40:22.493 febs [main] INFO  s.d.s.w.r.o.CachingOperationNameGenerator - Generating unique operation named: updateByIdUsingPUT_4
2021-12-18 00:40:22.495 febs [main] INFO  s.d.s.w.r.o.CachingOperationNameGenerator - Generating unique operation named: exportUsingPOST_7
2021-12-18 00:40:22.508 febs [main] INFO  s.d.s.w.r.o.CachingOperationNameGenerator - Generating unique operation named: exportUsingPOST_8
2021-12-18 00:40:22.516 febs [main] INFO  s.d.s.w.r.o.CachingOperationNameGenerator - Generating unique operation named: deleteByIdUsingDELETE_5
2021-12-18 00:40:22.521 febs [main] INFO  s.d.s.w.r.o.CachingOperationNameGenerator - Generating unique operation named: saveUsingPOST_5
2021-12-18 00:40:22.522 febs [main] INFO  s.d.s.w.r.o.CachingOperationNameGenerator - Generating unique operation named: updateByIdUsingPUT_5
2021-12-18 00:40:22.613 febs [main] INFO  o.s.s.quartz.SchedulerFactoryBean - Will start Quartz Scheduler [MyScheduler] in 1 seconds
2021-12-18 00:40:22.629 febs [main] INFO  o.a.coyote.http11.Http11NioProtocol - Starting ProtocolHandler ["http-nio-9529"]
2021-12-18 00:40:22.643 febs [scheduling-1] INFO  cc.mrbird.febs.common.task.CacheTask - delete expired user
2021-12-18 00:40:22.665 febs [main] INFO  o.s.b.w.e.tomcat.TomcatWebServer - Tomcat started on port(s): 9529 (http) with context path ''
2021-12-18 00:40:22.669 febs [main] INFO  cc.mrbird.febs.FebsApplication - Started FebsApplication in 7.72 seconds (JVM running for 9.337)
2021-12-18 00:40:22.680 febs [main] INFO  c.m.f.common.runner.CacheInitRunner - Redis连接中 ······
2021-12-18 00:40:22.681 febs [main] INFO  c.m.f.common.runner.CacheInitRunner - 缓存初始化 ······
2021-12-18 00:40:22.681 febs [main] INFO  c.m.f.common.runner.CacheInitRunner - 缓存用户数据 ······
2021-12-18 00:40:22.716 febs [main] INFO  p6spy - 2021-12-18 00:40:22 | 耗时 6 ms | SQL 语句：
SELECT USER_ID,description,password,modify_time,email,ssex,mobile,dept_id,avatar,last_login_time,create_time,status,username FROM t_user;
2021-12-18 00:40:22.723 febs [main] INFO  p6spy - 2021-12-18 00:40:22 | 耗时 5 ms | SQL 语句：
SELECT u.user_id userId, u.username, u.password, u.email, u.mobile, u. STATUS, u.create_time createTime, u.ssex, d.dept_id deptId, d.dept_name deptName, u.AVATAR, u.DESCRIPTION, u.LAST_LOGIN_TIME lastLoginTime, GROUP_CONCAT(r.role_id) roleId, GROUP_CONCAT(r.ROLE_NAME) roleName FROM t_user u LEFT JOIN t_dept d ON (u.dept_id = d.dept_id) LEFT JOIN t_user_role ur ON (u.user_id = ur.user_id) LEFT JOIN t_role r ON r.role_id = ur.role_id WHERE u.username = 'mrbird' group by u.username, u.user_id, u.password, u.email, u.mobile, u.STATUS, u.create_time, u.ssex, d.dept_id, d.dept_name, u.AVATAR, u.DESCRIPTION, u.LAST_LOGIN_TIME;
2021-12-18 00:40:22.758 febs [main] INFO  p6spy - 2021-12-18 00:40:22 | 耗时 0 ms | SQL 语句：
select r.* from t_role r left join t_user_role ur on (r.role_id = ur.role_id) left join t_user u on (u.user_id = ur.user_id) where u.username = 'mrbird';
2021-12-18 00:40:22.811 febs [main] INFO  p6spy - 2021-12-18 00:40:22 | 耗时 44 ms | SQL 语句：
select distinct m.perms from t_role r left join t_user_role ur on (r.role_id = ur.role_id) left join t_user u on (u.user_id = ur.user_id) left join t_role_menu rm on (rm.role_id = r.role_id) left join t_menu m on (m.menu_id = rm.menu_id) where u.username = 'mrbird' and m.perms is not null and m.perms <> '';
2021-12-18 00:40:22.828 febs [main] INFO  p6spy - 2021-12-18 00:40:22 | 耗时 2 ms | SQL 语句：
SELECT USER_ID,layout,color,multi_page,fix_siderbar,fix_header,theme FROM t_user_config WHERE USER_ID='1' ;
2021-12-18 00:40:22.832 febs [main] INFO  p6spy - 2021-12-18 00:40:22 | 耗时 1 ms | SQL 语句：
SELECT u.user_id userId, u.username, u.password, u.email, u.mobile, u. STATUS, u.create_time createTime, u.ssex, d.dept_id deptId, d.dept_name deptName, u.AVATAR, u.DESCRIPTION, u.LAST_LOGIN_TIME lastLoginTime, GROUP_CONCAT(r.role_id) roleId, GROUP_CONCAT(r.ROLE_NAME) roleName FROM t_user u LEFT JOIN t_dept d ON (u.dept_id = d.dept_id) LEFT JOIN t_user_role ur ON (u.user_id = ur.user_id) LEFT JOIN t_role r ON r.role_id = ur.role_id WHERE u.username = 'scott' group by u.username, u.user_id, u.password, u.email, u.mobile, u.STATUS, u.create_time, u.ssex, d.dept_id, d.dept_name, u.AVATAR, u.DESCRIPTION, u.LAST_LOGIN_TIME;
2021-12-18 00:40:22.836 febs [main] INFO  p6spy - 2021-12-18 00:40:22 | 耗时 0 ms | SQL 语句：
select r.* from t_role r left join t_user_role ur on (r.role_id = ur.role_id) left join t_user u on (u.user_id = ur.user_id) where u.username = 'scott';
2021-12-18 00:40:22.838 febs [main] INFO  p6spy - 2021-12-18 00:40:22 | 耗时 0 ms | SQL 语句：
select distinct m.perms from t_role r left join t_user_role ur on (r.role_id = ur.role_id) left join t_user u on (u.user_id = ur.user_id) left join t_role_menu rm on (rm.role_id = r.role_id) left join t_menu m on (m.menu_id = rm.menu_id) where u.username = 'scott' and m.perms is not null and m.perms <> '';
2021-12-18 00:40:22.842 febs [main] INFO  p6spy - 2021-12-18 00:40:22 | 耗时 0 ms | SQL 语句：
SELECT USER_ID,layout,color,multi_page,fix_siderbar,fix_header,theme FROM t_user_config WHERE USER_ID='2' ;
2021-12-18 00:40:22.845 febs [main] INFO  p6spy - 2021-12-18 00:40:22 | 耗时 1 ms | SQL 语句：
SELECT u.user_id userId, u.username, u.password, u.email, u.mobile, u. STATUS, u.create_time createTime, u.ssex, d.dept_id deptId, d.dept_name deptName, u.AVATAR, u.DESCRIPTION, u.LAST_LOGIN_TIME lastLoginTime, GROUP_CONCAT(r.role_id) roleId, GROUP_CONCAT(r.ROLE_NAME) roleName FROM t_user u LEFT JOIN t_dept d ON (u.dept_id = d.dept_id) LEFT JOIN t_user_role ur ON (u.user_id = ur.user_id) LEFT JOIN t_role r ON r.role_id = ur.role_id WHERE u.username = 'jack' group by u.username, u.user_id, u.password, u.email, u.mobile, u.STATUS, u.create_time, u.ssex, d.dept_id, d.dept_name, u.AVATAR, u.DESCRIPTION, u.LAST_LOGIN_TIME;
2021-12-18 00:40:22.847 febs [main] INFO  p6spy - 2021-12-18 00:40:22 | 耗时 0 ms | SQL 语句：
select r.* from t_role r left join t_user_role ur on (r.role_id = ur.role_id) left join t_user u on (u.user_id = ur.user_id) where u.username = 'jack';
2021-12-18 00:40:22.852 febs [main] INFO  p6spy - 2021-12-18 00:40:22 | 耗时 1 ms | SQL 语句：
select distinct m.perms from t_role r left join t_user_role ur on (r.role_id = ur.role_id) left join t_user u on (u.user_id = ur.user_id) left join t_role_menu rm on (rm.role_id = r.role_id) left join t_menu m on (m.menu_id = rm.menu_id) where u.username = 'jack' and m.perms is not null and m.perms <> '';
2021-12-18 00:40:22.856 febs [main] INFO  p6spy - 2021-12-18 00:40:22 | 耗时 0 ms | SQL 语句：
SELECT USER_ID,layout,color,multi_page,fix_siderbar,fix_header,theme FROM t_user_config WHERE USER_ID='12' ;
2021-12-18 00:40:22.857 febs [main] INFO  c.m.f.common.runner.StartedUpRunner -  __    ___   _      ___   _     ____ _____  ____ 
2021-12-18 00:40:22.857 febs [main] INFO  c.m.f.common.runner.StartedUpRunner - / /`  / / \ | |\/| | |_) | |   | |_   | |  | |_  
2021-12-18 00:40:22.857 febs [main] INFO  c.m.f.common.runner.StartedUpRunner - \_\_, \_\_/ |_|  | |_|   |_|__ |_|__  |_|  |_|__ 
2021-12-18 00:40:22.857 febs [main] INFO  c.m.f.common.runner.StartedUpRunner -                                                       
2021-12-18 00:40:22.857 febs [main] INFO  c.m.f.common.runner.StartedUpRunner - FEBS 启动完毕，时间：2021-12-18T00:40:22.857
2021-12-18 00:40:23.301 febs [RMI TCP Connection(2)-192.168.1.5] INFO  o.a.c.c.C.[Tomcat].[localhost].[/] - Initializing Spring DispatcherServlet 'dispatcherServlet'
2021-12-18 00:40:23.301 febs [RMI TCP Connection(2)-192.168.1.5] INFO  o.s.web.servlet.DispatcherServlet - Initializing Servlet 'dispatcherServlet'
2021-12-18 00:40:23.314 febs [RMI TCP Connection(1)-192.168.1.5] INFO  p6spy - 2021-12-18 00:40:23 | 耗时 0 ms | SQL 语句：
select 1;
2021-12-18 00:40:23.315 febs [RMI TCP Connection(2)-192.168.1.5] INFO  o.s.web.servlet.DispatcherServlet - Completed initialization in 14 ms
2021-12-18 00:40:23.629 febs [Quartz Scheduler [MyScheduler]] INFO  o.s.s.quartz.SchedulerFactoryBean - Starting Quartz Scheduler now, after delay of 1 seconds
2021-12-18 00:40:23.637 febs [Quartz Scheduler [MyScheduler]] INFO  o.s.s.quartz.LocalDataSourceJobStore - ClusterManager: detected 1 failed or restarted instances.
2021-12-18 00:40:23.637 febs [Quartz Scheduler [MyScheduler]] INFO  o.s.s.quartz.LocalDataSourceJobStore - ClusterManager: Scanning for instance "WIN-ETS2DEK9JHC1639742988329"'s failed in-progress jobs.
2021-12-18 00:40:23.647 febs [Quartz Scheduler [MyScheduler]] INFO  p6spy - 
2021-12-18 00:40:23.648 febs [Quartz Scheduler [MyScheduler]] INFO  org.quartz.core.QuartzScheduler - Scheduler MyScheduler_$_WIN-ETS2DEK9JHC1639759219577 started.
2021-12-18 00:40:23.650 febs [QuartzScheduler_MyScheduler-WIN-ETS2DEK9JHC1639759219577_MisfireHandler] INFO  p6spy - 
2021-12-18 00:40:23.652 febs [MyScheduler_QuartzSchedulerThread] INFO  p6spy - 
2021-12-18 00:40:35.651 febs [QuartzScheduler_MyScheduler-WIN-ETS2DEK9JHC1639759219577_MisfireHandler] INFO  p6spy - 
2021-12-18 00:40:38.645 febs [QuartzScheduler_MyScheduler-WIN-ETS2DEK9JHC1639759219577_ClusterManager] INFO  p6spy - 
2021-12-18 00:40:38.645 febs [QuartzScheduler_MyScheduler-WIN-ETS2DEK9JHC1639759219577_ClusterManager] INFO  p6spy - 
2021-12-18 00:40:47.651 febs [QuartzScheduler_MyScheduler-WIN-ETS2DEK9JHC1639759219577_MisfireHandler] INFO  p6spy - 
2021-12-18 00:40:47.679 febs [MyScheduler_QuartzSchedulerThread] INFO  p6spy - 
2021-12-18 00:40:53.648 febs [QuartzScheduler_MyScheduler-WIN-ETS2DEK9JHC1639759219577_ClusterManager] INFO  p6spy - 
2021-12-18 00:40:53.649 febs [QuartzScheduler_MyScheduler-WIN-ETS2DEK9JHC1639759219577_ClusterManager] INFO  p6spy - 
2021-12-18 00:40:59.651 febs [QuartzScheduler_MyScheduler-WIN-ETS2DEK9JHC1639759219577_MisfireHandler] INFO  p6spy - 
2021-12-18 00:41:08.655 febs [QuartzScheduler_MyScheduler-WIN-ETS2DEK9JHC1639759219577_ClusterManager] INFO  p6spy - 
2021-12-18 00:41:08.656 febs [QuartzScheduler_MyScheduler-WIN-ETS2DEK9JHC1639759219577_ClusterManager] INFO  p6spy - 
2021-12-18 00:41:11.650 febs [QuartzScheduler_MyScheduler-WIN-ETS2DEK9JHC1639759219577_MisfireHandler] INFO  p6spy - 
2021-12-18 00:41:12.688 febs [MyScheduler_QuartzSchedulerThread] INFO  p6spy - 
2021-12-18 00:41:23.651 febs [QuartzScheduler_MyScheduler-WIN-ETS2DEK9JHC1639759219577_MisfireHandler] INFO  p6spy - 
2021-12-18 00:41:23.651 febs [QuartzScheduler_MyScheduler-WIN-ETS2DEK9JHC1639759219577_ClusterManager] INFO  p6spy - 
2021-12-18 00:41:23.652 febs [QuartzScheduler_MyScheduler-WIN-ETS2DEK9JHC1639759219577_ClusterManager] INFO  p6spy - 
2021-12-18 00:41:35.651 febs [QuartzScheduler_MyScheduler-WIN-ETS2DEK9JHC1639759219577_MisfireHandler] INFO  p6spy - 
2021-12-18 00:41:38.651 febs [QuartzScheduler_MyScheduler-WIN-ETS2DEK9JHC1639759219577_ClusterManager] INFO  p6spy - 
2021-12-18 00:41:38.652 febs [QuartzScheduler_MyScheduler-WIN-ETS2DEK9JHC1639759219577_ClusterManager] INFO  p6spy - 
2021-12-18 00:41:40.962 febs [MyScheduler_QuartzSchedulerThread] INFO  p6spy - 
2021-12-18 00:41:47.655 febs [QuartzScheduler_MyScheduler-WIN-ETS2DEK9JHC1639759219577_MisfireHandler] INFO  p6spy - 
2021-12-18 00:41:53.654 febs [QuartzScheduler_MyScheduler-WIN-ETS2DEK9JHC1639759219577_ClusterManager] INFO  p6spy - 
2021-12-18 00:41:53.654 febs [QuartzScheduler_MyScheduler-WIN-ETS2DEK9JHC1639759219577_ClusterManager] INFO  p6spy - 
2021-12-18 00:41:59.653 febs [QuartzScheduler_MyScheduler-WIN-ETS2DEK9JHC1639759219577_MisfireHandler] INFO  p6spy - 
2021-12-18 00:42:08.664 febs [QuartzScheduler_MyScheduler-WIN-ETS2DEK9JHC1639759219577_ClusterManager] INFO  p6spy - 
2021-12-18 00:42:08.664 febs [QuartzScheduler_MyScheduler-WIN-ETS2DEK9JHC1639759219577_ClusterManager] INFO  p6spy - 
2021-12-18 00:42:10.785 febs [MyScheduler_QuartzSchedulerThread] INFO  p6spy - 
2021-12-18 00:42:11.653 febs [QuartzScheduler_MyScheduler-WIN-ETS2DEK9JHC1639759219577_MisfireHandler] INFO  p6spy - 
2021-12-18 00:42:23.653 febs [QuartzScheduler_MyScheduler-WIN-ETS2DEK9JHC1639759219577_MisfireHandler] INFO  p6spy - 
2021-12-18 00:42:23.663 febs [QuartzScheduler_MyScheduler-WIN-ETS2DEK9JHC1639759219577_ClusterManager] INFO  p6spy - 
2021-12-18 00:42:23.663 febs [QuartzScheduler_MyScheduler-WIN-ETS2DEK9JHC1639759219577_ClusterManager] INFO  p6spy - 
2021-12-18 00:42:35.655 febs [QuartzScheduler_MyScheduler-WIN-ETS2DEK9JHC1639759219577_MisfireHandler] INFO  p6spy - 
2021-12-18 00:42:35.854 febs [MyScheduler_QuartzSchedulerThread] INFO  p6spy - 
2021-12-18 00:42:38.675 febs [QuartzScheduler_MyScheduler-WIN-ETS2DEK9JHC1639759219577_ClusterManager] INFO  p6spy - 
2021-12-18 00:42:38.675 febs [QuartzScheduler_MyScheduler-WIN-ETS2DEK9JHC1639759219577_ClusterManager] INFO  p6spy - 
2021-12-18 00:42:47.659 febs [QuartzScheduler_MyScheduler-WIN-ETS2DEK9JHC1639759219577_MisfireHandler] INFO  p6spy - 
2021-12-18 00:42:53.660 febs [QuartzScheduler_MyScheduler-WIN-ETS2DEK9JHC1639759219577_ClusterManager] INFO  p6spy - 
2021-12-18 00:42:53.661 febs [QuartzScheduler_MyScheduler-WIN-ETS2DEK9JHC1639759219577_ClusterManager] INFO  p6spy - 
2021-12-18 00:42:59.656 febs [QuartzScheduler_MyScheduler-WIN-ETS2DEK9JHC1639759219577_MisfireHandler] INFO  p6spy - 
2021-12-18 00:43:05.828 febs [MyScheduler_QuartzSchedulerThread] INFO  p6spy - 
2021-12-18 00:43:08.662 febs [QuartzScheduler_MyScheduler-WIN-ETS2DEK9JHC1639759219577_ClusterManager] INFO  p6spy - 
2021-12-18 00:43:08.663 febs [QuartzScheduler_MyScheduler-WIN-ETS2DEK9JHC1639759219577_ClusterManager] INFO  p6spy - 
2021-12-18 00:43:11.656 febs [QuartzScheduler_MyScheduler-WIN-ETS2DEK9JHC1639759219577_MisfireHandler] INFO  p6spy - 
2021-12-18 00:43:23.656 febs [QuartzScheduler_MyScheduler-WIN-ETS2DEK9JHC1639759219577_MisfireHandler] INFO  p6spy - 
2021-12-18 00:43:23.668 febs [QuartzScheduler_MyScheduler-WIN-ETS2DEK9JHC1639759219577_ClusterManager] INFO  p6spy - 
2021-12-18 00:43:23.668 febs [QuartzScheduler_MyScheduler-WIN-ETS2DEK9JHC1639759219577_ClusterManager] INFO  p6spy - 
2021-12-18 00:43:29.732 febs [MyScheduler_QuartzSchedulerThread] INFO  p6spy - 
2021-12-18 00:43:35.656 febs [QuartzScheduler_MyScheduler-WIN-ETS2DEK9JHC1639759219577_MisfireHandler] INFO  p6spy - 
2021-12-18 00:43:38.668 febs [QuartzScheduler_MyScheduler-WIN-ETS2DEK9JHC1639759219577_ClusterManager] INFO  p6spy - 
2021-12-18 00:43:38.668 febs [QuartzScheduler_MyScheduler-WIN-ETS2DEK9JHC1639759219577_ClusterManager] INFO  p6spy - 
2021-12-18 00:43:39.155 febs [Thread-19] INFO  org.quartz.core.QuartzScheduler - Scheduler MyScheduler_$_WIN-ETS2DEK9JHC1639759219577 paused.
2021-12-18 00:43:39.155 febs [Thread-19] INFO  o.s.s.c.ThreadPoolTaskScheduler - Shutting down ExecutorService 'taskScheduler'
2021-12-18 00:43:39.163 febs [Thread-19] INFO  o.s.s.c.ThreadPoolTaskExecutor - Shutting down ExecutorService 'taskExecutor'
2021-12-18 00:43:39.164 febs [Thread-19] INFO  o.s.s.quartz.SchedulerFactoryBean - Shutting down Quartz Scheduler
2021-12-18 00:43:39.164 febs [Thread-19] INFO  org.quartz.core.QuartzScheduler - Scheduler MyScheduler_$_WIN-ETS2DEK9JHC1639759219577 shutting down.
2021-12-18 00:43:39.164 febs [Thread-19] INFO  org.quartz.core.QuartzScheduler - Scheduler MyScheduler_$_WIN-ETS2DEK9JHC1639759219577 paused.
2021-12-18 00:43:39.166 febs [Thread-19] INFO  org.quartz.core.QuartzScheduler - Scheduler MyScheduler_$_WIN-ETS2DEK9JHC1639759219577 shutdown complete.
2021-12-18 00:43:39.168 febs [Thread-19] INFO  c.b.d.d.DynamicRoutingDataSource - dynamic-datasource start closing ....
2021-12-18 00:43:39.169 febs [Thread-19] INFO  com.zaxxer.hikari.HikariDataSource - primary - Shutdown initiated...
2021-12-18 00:43:39.171 febs [Thread-19] INFO  com.zaxxer.hikari.HikariDataSource - primary - Shutdown completed.
2021-12-18 00:43:39.172 febs [Thread-19] INFO  c.b.d.d.DynamicRoutingDataSource - dynamic-datasource all closed success,bye
